<?xml version="1.0" encoding="UTF-8"?>
<testng-results skipped="0" failed="0" ignored="0" total="1" passed="1">
  <reporter-output>
  </reporter-output>
  <suite name="Default suite" duration-ms="43988" started-at="2019-05-19T16:28:43Z" finished-at="2019-05-19T16:29:27Z">
    <groups>
    </groups>
    <test name="Default test" duration-ms="43988" started-at="2019-05-19T16:28:43Z" finished-at="2019-05-19T16:29:27Z">
      <class name="com.zoopla.qa.test.PropListTest">
        <test-method status="PASS" signature="Setup()[pri:0, instance:com.zoopla.qa.test.PropListTest@1e88b3c]" name="Setup" is-config="true" duration-ms="39569" started-at="2019-05-19T16:28:43Z" finished-at="2019-05-19T16:29:23Z">
          <reporter-output>
          </reporter-output>
        </test-method> <!-- Setup -->
        <test-method status="PASS" signature="listpropTest()[pri:0, instance:com.zoopla.qa.test.PropListTest@1e88b3c]" name="listpropTest" duration-ms="3196" started-at="2019-05-19T16:29:23Z" finished-at="2019-05-19T16:29:26Z">
          <reporter-output>
          </reporter-output>
        </test-method> <!-- listpropTest -->
        <test-method status="PASS" signature="teardown()[pri:0, instance:com.zoopla.qa.test.PropListTest@1e88b3c]" name="teardown" is-config="true" duration-ms="1120" started-at="2019-05-19T16:29:26Z" finished-at="2019-05-19T16:29:27Z">
          <reporter-output>
          </reporter-output>
        </test-method> <!-- teardown -->
      </class> <!-- com.zoopla.qa.test.PropListTest -->
    </test> <!-- Default test -->
  </suite> <!-- Default suite -->
</testng-results>
